1727451027.503106 client started (7343): version 3.4, socket /tmp/tmux-1000/default, protocol 8
1727451027.503140 on Linux 6.8.0-45-generic #45-Ubuntu SMP PREEMPT_DYNAMIC Fri Aug 30 12:02:04 UTC 2024
1727451027.503144 using libevent 2.1.12-stable poll
1727451027.503148 using ncurses 6.4 20240113
1727451027.503163 flags are 0x10010000
1727451027.503176 socket is /tmp/tmux-1000/default
1727451027.503195 trying connect
1727451027.503275 add peer 0x6554efe828a0: 6 ((nil))
1727451027.503583 sending message 100 to peer 0x6554efe828a0 (4 bytes)
1727451027.503589 sending message 111 to peer 0x6554efe828a0 (8 bytes)
1727451027.503593 sending message 101 to peer 0x6554efe828a0 (14 bytes)
1727451027.503597 sending message 109 to peer 0x6554efe828a0 (4 bytes)
1727451027.503601 sending message 102 to peer 0x6554efe828a0 (11 bytes)
1727451027.503605 sending message 108 to peer 0x6554efe828a0 (61 bytes)
1727451027.503609 sending message 112 to peer 0x6554efe828a0 (70 bytes)
1727451027.503613 sending message 112 to peer 0x6554efe828a0 (5 bytes)
1727451027.503617 sending message 112 to peer 0x6554efe828a0 (5 bytes)
1727451027.503621 sending message 112 to peer 0x6554efe828a0 (6 bytes)
1727451027.503625 sending message 112 to peer 0x6554efe828a0 (6 bytes)
1727451027.503628 sending message 112 to peer 0x6554efe828a0 (11 bytes)
1727451027.503632 sending message 112 to peer 0x6554efe828a0 (10 bytes)
1727451027.503636 sending message 112 to peer 0x6554efe828a0 (13 bytes)
1727451027.503640 sending message 112 to peer 0x6554efe828a0 (13 bytes)
1727451027.503644 sending message 112 to peer 0x6554efe828a0 (18 bytes)
1727451027.503648 sending message 112 to peer 0x6554efe828a0 (11 bytes)
1727451027.503651 sending message 112 to peer 0x6554efe828a0 (10 bytes)
1727451027.503655 sending message 112 to peer 0x6554efe828a0 (15 bytes)
1727451027.503659 sending message 112 to peer 0x6554efe828a0 (21 bytes)
1727451027.503663 sending message 112 to peer 0x6554efe828a0 (13 bytes)
1727451027.503667 sending message 112 to peer 0x6554efe828a0 (7 bytes)
1727451027.503670 sending message 112 to peer 0x6554efe828a0 (13 bytes)
1727451027.503674 sending message 112 to peer 0x6554efe828a0 (7 bytes)
1727451027.503678 sending message 112 to peer 0x6554efe828a0 (13 bytes)
1727451027.503682 sending message 112 to peer 0x6554efe828a0 (9 bytes)
1727451027.503686 sending message 112 to peer 0x6554efe828a0 (21 bytes)
1727451027.503689 sending message 112 to peer 0x6554efe828a0 (13 bytes)
1727451027.503693 sending message 112 to peer 0x6554efe828a0 (8 bytes)
1727451027.503697 sending message 112 to peer 0x6554efe828a0 (12 bytes)
1727451027.503700 sending message 112 to peer 0x6554efe828a0 (13 bytes)
1727451027.503704 sending message 112 to peer 0x6554efe828a0 (9 bytes)
1727451027.503708 sending message 112 to peer 0x6554efe828a0 (9 bytes)
1727451027.503712 sending message 112 to peer 0x6554efe828a0 (12 bytes)
1727451027.503716 sending message 112 to peer 0x6554efe828a0 (8 bytes)
1727451027.503720 sending message 112 to peer 0x6554efe828a0 (8 bytes)
1727451027.503723 sending message 112 to peer 0x6554efe828a0 (7 bytes)
1727451027.503727 sending message 112 to peer 0x6554efe828a0 (7 bytes)
1727451027.503731 sending message 112 to peer 0x6554efe828a0 (9 bytes)
1727451027.503734 sending message 112 to peer 0x6554efe828a0 (13 bytes)
1727451027.503738 sending message 112 to peer 0x6554efe828a0 (6 bytes)
1727451027.503742 sending message 112 to peer 0x6554efe828a0 (9 bytes)
1727451027.503746 sending message 112 to peer 0x6554efe828a0 (15 bytes)
1727451027.503750 sending message 112 to peer 0x6554efe828a0 (13 bytes)
1727451027.503753 sending message 112 to peer 0x6554efe828a0 (12 bytes)
1727451027.503757 sending message 112 to peer 0x6554efe828a0 (8 bytes)
1727451027.503761 sending message 112 to peer 0x6554efe828a0 (14 bytes)
1727451027.503765 sending message 112 to peer 0x6554efe828a0 (11 bytes)
1727451027.503768 sending message 112 to peer 0x6554efe828a0 (9 bytes)
1727451027.503772 sending message 112 to peer 0x6554efe828a0 (10 bytes)
1727451027.503776 sending message 112 to peer 0x6554efe828a0 (10 bytes)
1727451027.503787 sending message 112 to peer 0x6554efe828a0 (10 bytes)
1727451027.503791 sending message 112 to peer 0x6554efe828a0 (10 bytes)
1727451027.503795 sending message 112 to peer 0x6554efe828a0 (11 bytes)
1727451027.503798 sending message 112 to peer 0x6554efe828a0 (12 bytes)
1727451027.503802 sending message 112 to peer 0x6554efe828a0 (12 bytes)
1727451027.503806 sending message 112 to peer 0x6554efe828a0 (12 bytes)
1727451027.503810 sending message 112 to peer 0x6554efe828a0 (12 bytes)
1727451027.503814 sending message 112 to peer 0x6554efe828a0 (12 bytes)
1727451027.503818 sending message 112 to peer 0x6554efe828a0 (11 bytes)
1727451027.503821 sending message 112 to peer 0x6554efe828a0 (11 bytes)
1727451027.503826 sending message 112 to peer 0x6554efe828a0 (12 bytes)
1727451027.503829 sending message 112 to peer 0x6554efe828a0 (12 bytes)
1727451027.503833 sending message 112 to peer 0x6554efe828a0 (12 bytes)
1727451027.503837 sending message 112 to peer 0x6554efe828a0 (12 bytes)
1727451027.503841 sending message 112 to peer 0x6554efe828a0 (12 bytes)
1727451027.503844 sending message 112 to peer 0x6554efe828a0 (10 bytes)
1727451027.503848 sending message 112 to peer 0x6554efe828a0 (12 bytes)
1727451027.503852 sending message 112 to peer 0x6554efe828a0 (13 bytes)
1727451027.503856 sending message 112 to peer 0x6554efe828a0 (13 bytes)
1727451027.503859 sending message 112 to peer 0x6554efe828a0 (13 bytes)
1727451027.503863 sending message 112 to peer 0x6554efe828a0 (13 bytes)
1727451027.503867 sending message 112 to peer 0x6554efe828a0 (13 bytes)
1727451027.503871 sending message 112 to peer 0x6554efe828a0 (8 bytes)
1727451027.503875 sending message 112 to peer 0x6554efe828a0 (11 bytes)
1727451027.503879 sending message 112 to peer 0x6554efe828a0 (11 bytes)
1727451027.503882 sending message 112 to peer 0x6554efe828a0 (11 bytes)
1727451027.503886 sending message 112 to peer 0x6554efe828a0 (12 bytes)
1727451027.503890 sending message 112 to peer 0x6554efe828a0 (12 bytes)
1727451027.503894 sending message 112 to peer 0x6554efe828a0 (12 bytes)
1727451027.503898 sending message 112 to peer 0x6554efe828a0 (12 bytes)
1727451027.503901 sending message 112 to peer 0x6554efe828a0 (13 bytes)
1727451027.503905 sending message 112 to peer 0x6554efe828a0 (13 bytes)
1727451027.503909 sending message 112 to peer 0x6554efe828a0 (13 bytes)
1727451027.503926 sending message 112 to peer 0x6554efe828a0 (8 bytes)
1727451027.503935 sending message 112 to peer 0x6554efe828a0 (13 bytes)
1727451027.503941 sending message 112 to peer 0x6554efe828a0 (13 bytes)
1727451027.503946 sending message 112 to peer 0x6554efe828a0 (13 bytes)
1727451027.503950 sending message 112 to peer 0x6554efe828a0 (13 bytes)
1727451027.503954 sending message 112 to peer 0x6554efe828a0 (13 bytes)
1727451027.503958 sending message 112 to peer 0x6554efe828a0 (12 bytes)
1727451027.503962 sending message 112 to peer 0x6554efe828a0 (12 bytes)
1727451027.503965 sending message 112 to peer 0x6554efe828a0 (12 bytes)
1727451027.503969 sending message 112 to peer 0x6554efe828a0 (12 bytes)
1727451027.503973 sending message 112 to peer 0x6554efe828a0 (13 bytes)
1727451027.503976 sending message 112 to peer 0x6554efe828a0 (8 bytes)
1727451027.503980 sending message 112 to peer 0x6554efe828a0 (13 bytes)
1727451027.503984 sending message 112 to peer 0x6554efe828a0 (13 bytes)
1727451027.503988 sending message 112 to peer 0x6554efe828a0 (13 bytes)
1727451027.503992 sending message 112 to peer 0x6554efe828a0 (13 bytes)
1727451027.503995 sending message 112 to peer 0x6554efe828a0 (13 bytes)
1727451027.503999 sending message 112 to peer 0x6554efe828a0 (13 bytes)
1727451027.504002 sending message 112 to peer 0x6554efe828a0 (13 bytes)
1727451027.504006 sending message 112 to peer 0x6554efe828a0 (12 bytes)
1727451027.504010 sending message 112 to peer 0x6554efe828a0 (12 bytes)
1727451027.504013 sending message 112 to peer 0x6554efe828a0 (12 bytes)
1727451027.504017 sending message 112 to peer 0x6554efe828a0 (8 bytes)
1727451027.504020 sending message 112 to peer 0x6554efe828a0 (12 bytes)
1727451027.504031 sending message 112 to peer 0x6554efe828a0 (13 bytes)
1727451027.504035 sending message 112 to peer 0x6554efe828a0 (13 bytes)
1727451027.504039 sending message 112 to peer 0x6554efe828a0 (13 bytes)
1727451027.504043 sending message 112 to peer 0x6554efe828a0 (13 bytes)
1727451027.504046 sending message 112 to peer 0x6554efe828a0 (13 bytes)
1727451027.504050 sending message 112 to peer 0x6554efe828a0 (13 bytes)
1727451027.504054 sending message 112 to peer 0x6554efe828a0 (13 bytes)
1727451027.504057 sending message 112 to peer 0x6554efe828a0 (13 bytes)
1727451027.504061 sending message 112 to peer 0x6554efe828a0 (12 bytes)
1727451027.504065 sending message 112 to peer 0x6554efe828a0 (10 bytes)
1727451027.504068 sending message 112 to peer 0x6554efe828a0 (12 bytes)
1727451027.504072 sending message 112 to peer 0x6554efe828a0 (12 bytes)
1727451027.504076 sending message 112 to peer 0x6554efe828a0 (12 bytes)
1727451027.504080 sending message 112 to peer 0x6554efe828a0 (13 bytes)
1727451027.504083 sending message 112 to peer 0x6554efe828a0 (13 bytes)
1727451027.504087 sending message 112 to peer 0x6554efe828a0 (13 bytes)
1727451027.504090 sending message 112 to peer 0x6554efe828a0 (13 bytes)
1727451027.504094 sending message 112 to peer 0x6554efe828a0 (13 bytes)
1727451027.504098 sending message 112 to peer 0x6554efe828a0 (13 bytes)
1727451027.504101 sending message 112 to peer 0x6554efe828a0 (13 bytes)
1727451027.504105 sending message 112 to peer 0x6554efe828a0 (10 bytes)
1727451027.504109 sending message 112 to peer 0x6554efe828a0 (13 bytes)
1727451027.504113 sending message 112 to peer 0x6554efe828a0 (12 bytes)
1727451027.504116 sending message 112 to peer 0x6554efe828a0 (12 bytes)
1727451027.504120 sending message 112 to peer 0x6554efe828a0 (12 bytes)
1727451027.504124 sending message 112 to peer 0x6554efe828a0 (10 bytes)
1727451027.504128 sending message 112 to peer 0x6554efe828a0 (10 bytes)
1727451027.504131 sending message 112 to peer 0x6554efe828a0 (10 bytes)
1727451027.504135 sending message 112 to peer 0x6554efe828a0 (12 bytes)
1727451027.504138 sending message 112 to peer 0x6554efe828a0 (13 bytes)
1727451027.504142 sending message 112 to peer 0x6554efe828a0 (13 bytes)
1727451027.504145 sending message 112 to peer 0x6554efe828a0 (13 bytes)
1727451027.504149 sending message 112 to peer 0x6554efe828a0 (13 bytes)
1727451027.504153 sending message 112 to peer 0x6554efe828a0 (13 bytes)
1727451027.504156 sending message 112 to peer 0x6554efe828a0 (11 bytes)
1727451027.504160 sending message 112 to peer 0x6554efe828a0 (11 bytes)
1727451027.504163 sending message 112 to peer 0x6554efe828a0 (12 bytes)
1727451027.504167 sending message 112 to peer 0x6554efe828a0 (12 bytes)
1727451027.504171 sending message 112 to peer 0x6554efe828a0 (12 bytes)
1727451027.504174 sending message 112 to peer 0x6554efe828a0 (12 bytes)
1727451027.504178 sending message 112 to peer 0x6554efe828a0 (12 bytes)
1727451027.504182 sending message 112 to peer 0x6554efe828a0 (11 bytes)
1727451027.504186 sending message 112 to peer 0x6554efe828a0 (12 bytes)
1727451027.504189 sending message 112 to peer 0x6554efe828a0 (12 bytes)
1727451027.504193 sending message 112 to peer 0x6554efe828a0 (13 bytes)
1727451027.504197 sending message 112 to peer 0x6554efe828a0 (13 bytes)
1727451027.504200 sending message 112 to peer 0x6554efe828a0 (13 bytes)
1727451027.504203 sending message 112 to peer 0x6554efe828a0 (13 bytes)
1727451027.504207 sending message 112 to peer 0x6554efe828a0 (13 bytes)
1727451027.504211 sending message 112 to peer 0x6554efe828a0 (10 bytes)
1727451027.504215 sending message 112 to peer 0x6554efe828a0 (9 bytes)
1727451027.504219 sending message 112 to peer 0x6554efe828a0 (12 bytes)
1727451027.504221 sending message 112 to peer 0x6554efe828a0 (13 bytes)
1727451027.504225 sending message 112 to peer 0x6554efe828a0 (13 bytes)
1727451027.504228 sending message 112 to peer 0x6554efe828a0 (13 bytes)
1727451027.504231 sending message 112 to peer 0x6554efe828a0 (13 bytes)
1727451027.504235 sending message 112 to peer 0x6554efe828a0 (13 bytes)
1727451027.504242 sending message 112 to peer 0x6554efe828a0 (9 bytes)
1727451027.504246 sending message 112 to peer 0x6554efe828a0 (12 bytes)
1727451027.504250 sending message 112 to peer 0x6554efe828a0 (13 bytes)
1727451027.504253 sending message 112 to peer 0x6554efe828a0 (13 bytes)
1727451027.504257 sending message 112 to peer 0x6554efe828a0 (13 bytes)
1727451027.504261 sending message 112 to peer 0x6554efe828a0 (13 bytes)
1727451027.504264 sending message 112 to peer 0x6554efe828a0 (13 bytes)
1727451027.504268 sending message 112 to peer 0x6554efe828a0 (11 bytes)
1727451027.504272 sending message 112 to peer 0x6554efe828a0 (12 bytes)
1727451027.504275 sending message 112 to peer 0x6554efe828a0 (13 bytes)
1727451027.504279 sending message 112 to peer 0x6554efe828a0 (13 bytes)
1727451027.504283 sending message 112 to peer 0x6554efe828a0 (13 bytes)
1727451027.504287 sending message 112 to peer 0x6554efe828a0 (13 bytes)
1727451027.504290 sending message 112 to peer 0x6554efe828a0 (13 bytes)
1727451027.504294 sending message 112 to peer 0x6554efe828a0 (11 bytes)
1727451027.504298 sending message 112 to peer 0x6554efe828a0 (12 bytes)
1727451027.504302 sending message 112 to peer 0x6554efe828a0 (12 bytes)
1727451027.504306 sending message 112 to peer 0x6554efe828a0 (12 bytes)
1727451027.504310 sending message 112 to peer 0x6554efe828a0 (12 bytes)
1727451027.504313 sending message 112 to peer 0x6554efe828a0 (12 bytes)
1727451027.504317 sending message 112 to peer 0x6554efe828a0 (21 bytes)
1727451027.504321 sending message 112 to peer 0x6554efe828a0 (12 bytes)
1727451027.504325 sending message 112 to peer 0x6554efe828a0 (9 bytes)
1727451027.504329 sending message 112 to peer 0x6554efe828a0 (6 bytes)
1727451027.504333 sending message 112 to peer 0x6554efe828a0 (13 bytes)
1727451027.504336 sending message 112 to peer 0x6554efe828a0 (8 bytes)
1727451027.504340 sending message 112 to peer 0x6554efe828a0 (15 bytes)
1727451027.504344 sending message 112 to peer 0x6554efe828a0 (13 bytes)
1727451027.504348 sending message 112 to peer 0x6554efe828a0 (9 bytes)
1727451027.504352 sending message 112 to peer 0x6554efe828a0 (70 bytes)
1727451027.504356 sending message 112 to peer 0x6554efe828a0 (69 bytes)
1727451027.504360 sending message 112 to peer 0x6554efe828a0 (10 bytes)
1727451027.504364 sending message 112 to peer 0x6554efe828a0 (10 bytes)
1727451027.504367 sending message 112 to peer 0x6554efe828a0 (8 bytes)
1727451027.504371 sending message 112 to peer 0x6554efe828a0 (15 bytes)
1727451027.504375 sending message 112 to peer 0x6554efe828a0 (13 bytes)
1727451027.504379 sending message 112 to peer 0x6554efe828a0 (10 bytes)
1727451027.504382 sending message 112 to peer 0x6554efe828a0 (10 bytes)
1727451027.504386 sending message 112 to peer 0x6554efe828a0 (17 bytes)
1727451027.504389 sending message 112 to peer 0x6554efe828a0 (10 bytes)
1727451027.504393 sending message 112 to peer 0x6554efe828a0 (13 bytes)
1727451027.504397 sending message 112 to peer 0x6554efe828a0 (9 bytes)
1727451027.504400 sending message 112 to peer 0x6554efe828a0 (5 bytes)
1727451027.504404 sending message 112 to peer 0x6554efe828a0 (15 bytes)
1727451027.504409 sending message 104 to peer 0x6554efe828a0 (0 bytes)
1727451027.504413 sending message 110 to peer 0x6554efe828a0 (0 bytes)
1727451027.504417 sending message 107 to peer 0x6554efe828a0 (4 bytes)
1727451027.504421 sending message 105 to peer 0x6554efe828a0 (38 bytes)
1727451027.504425 sending message 105 to peer 0x6554efe828a0 (62 bytes)
1727451027.504429 sending message 105 to peer 0x6554efe828a0 (36 bytes)
1727451027.504433 sending message 105 to peer 0x6554efe828a0 (87 bytes)
1727451027.504436 sending message 105 to peer 0x6554efe828a0 (20 bytes)
1727451027.504440 sending message 105 to peer 0x6554efe828a0 (54 bytes)
1727451027.504444 sending message 105 to peer 0x6554efe828a0 (23 bytes)
1727451027.504448 sending message 105 to peer 0x6554efe828a0 (11 bytes)
1727451027.504452 sending message 105 to peer 0x6554efe828a0 (57 bytes)
1727451027.504456 sending message 105 to peer 0x6554efe828a0 (46 bytes)
1727451027.504464 sending message 105 to peer 0x6554efe828a0 (96 bytes)
1727451027.504467 sending message 105 to peer 0x6554efe828a0 (88 bytes)
1727451027.504471 sending message 105 to peer 0x6554efe828a0 (18 bytes)
1727451027.504474 sending message 105 to peer 0x6554efe828a0 (90 bytes)
1727451027.504479 sending message 105 to peer 0x6554efe828a0 (35 bytes)
1727451027.504482 sending message 105 to peer 0x6554efe828a0 (67 bytes)
1727451027.504486 sending message 105 to peer 0x6554efe828a0 (24 bytes)
1727451027.504490 sending message 105 to peer 0x6554efe828a0 (33 bytes)
1727451027.504494 sending message 105 to peer 0x6554efe828a0 (44 bytes)
1727451027.504497 sending message 105 to peer 0x6554efe828a0 (23 bytes)
1727451027.504501 sending message 105 to peer 0x6554efe828a0 (32 bytes)
1727451027.504504 sending message 105 to peer 0x6554efe828a0 (35 bytes)
1727451027.504508 sending message 105 to peer 0x6554efe828a0 (75 bytes)
1727451027.504512 sending message 105 to peer 0x6554efe828a0 (110 bytes)
1727451027.504516 sending message 105 to peer 0x6554efe828a0 (82 bytes)
1727451027.504519 sending message 105 to peer 0x6554efe828a0 (28 bytes)
1727451027.504524 sending message 105 to peer 0x6554efe828a0 (16 bytes)
1727451027.504527 sending message 105 to peer 0x6554efe828a0 (47 bytes)
1727451027.504531 sending message 105 to peer 0x6554efe828a0 (23 bytes)
1727451027.504534 sending message 105 to peer 0x6554efe828a0 (17 bytes)
1727451027.504537 sending message 105 to peer 0x6554efe828a0 (15 bytes)
1727451027.504541 sending message 105 to peer 0x6554efe828a0 (65 bytes)
1727451027.504546 sending message 105 to peer 0x6554efe828a0 (68 bytes)
1727451027.504549 sending message 105 to peer 0x6554efe828a0 (68 bytes)
1727451027.504553 sending message 105 to peer 0x6554efe828a0 (13 bytes)
1727451027.504557 sending message 105 to peer 0x6554efe828a0 (1817 bytes)
1727451027.504571 sending message 105 to peer 0x6554efe828a0 (16 bytes)
1727451027.504575 sending message 105 to peer 0x6554efe828a0 (144 bytes)
1727451027.504579 sending message 105 to peer 0x6554efe828a0 (51 bytes)
1727451027.504583 sending message 105 to peer 0x6554efe828a0 (63 bytes)
1727451027.504586 sending message 105 to peer 0x6554efe828a0 (12 bytes)
1727451027.504590 sending message 105 to peer 0x6554efe828a0 (114 bytes)
1727451027.504594 sending message 105 to peer 0x6554efe828a0 (65 bytes)
1727451027.504597 sending message 105 to peer 0x6554efe828a0 (19 bytes)
1727451027.504601 sending message 105 to peer 0x6554efe828a0 (18 bytes)
1727451027.504604 sending message 105 to peer 0x6554efe828a0 (82 bytes)
1727451027.504608 sending message 105 to peer 0x6554efe828a0 (19 bytes)
1727451027.504611 sending message 105 to peer 0x6554efe828a0 (8 bytes)
1727451027.504614 sending message 105 to peer 0x6554efe828a0 (25 bytes)
1727451027.504618 sending message 105 to peer 0x6554efe828a0 (16 bytes)
1727451027.504622 sending message 105 to peer 0x6554efe828a0 (39 bytes)
1727451027.504626 sending message 105 to peer 0x6554efe828a0 (66 bytes)
1727451027.504630 sending message 105 to peer 0x6554efe828a0 (65 bytes)
1727451027.504633 sending message 105 to peer 0x6554efe828a0 (34 bytes)
1727451027.504637 sending message 105 to peer 0x6554efe828a0 (15 bytes)
1727451027.504641 sending message 105 to peer 0x6554efe828a0 (19 bytes)
1727451027.504645 sending message 105 to peer 0x6554efe828a0 (29 bytes)
1727451027.504649 sending message 105 to peer 0x6554efe828a0 (44 bytes)
1727451027.504653 sending message 105 to peer 0x6554efe828a0 (84 bytes)
1727451027.504656 sending message 105 to peer 0x6554efe828a0 (20 bytes)
1727451027.504660 sending message 105 to peer 0x6554efe828a0 (26 bytes)
1727451027.504664 sending message 105 to peer 0x6554efe828a0 (13 bytes)
1727451027.504668 sending message 105 to peer 0x6554efe828a0 (18 bytes)
1727451027.504671 sending message 105 to peer 0x6554efe828a0 (14 bytes)
1727451027.504675 sending message 105 to peer 0x6554efe828a0 (50 bytes)
1727451027.504679 sending message 105 to peer 0x6554efe828a0 (45 bytes)
1727451027.504683 sending message 105 to peer 0x6554efe828a0 (20 bytes)
1727451027.504690 sending message 105 to peer 0x6554efe828a0 (41 bytes)
1727451027.504694 sending message 105 to peer 0x6554efe828a0 (22 bytes)
1727451027.504698 sending message 105 to peer 0x6554efe828a0 (19 bytes)
1727451027.504701 sending message 105 to peer 0x6554efe828a0 (18 bytes)
1727451027.504705 sending message 105 to peer 0x6554efe828a0 (25 bytes)
1727451027.504709 sending message 105 to peer 0x6554efe828a0 (35 bytes)
1727451027.504713 sending message 105 to peer 0x6554efe828a0 (13 bytes)
1727451027.504716 sending message 105 to peer 0x6554efe828a0 (10 bytes)
1727451027.504720 sending message 105 to peer 0x6554efe828a0 (14 bytes)
1727451027.504724 sending message 105 to peer 0x6554efe828a0 (51 bytes)
1727451027.504727 sending message 105 to peer 0x6554efe828a0 (26 bytes)
1727451027.504731 sending message 105 to peer 0x6554efe828a0 (25 bytes)
1727451027.504735 sending message 105 to peer 0x6554efe828a0 (54 bytes)
1727451027.504739 sending message 105 to peer 0x6554efe828a0 (49 bytes)
1727451027.504743 sending message 105 to peer 0x6554efe828a0 (55 bytes)
1727451027.504746 sending message 105 to peer 0x6554efe828a0 (35 bytes)
1727451027.504750 sending message 105 to peer 0x6554efe828a0 (33 bytes)
1727451027.504754 sending message 105 to peer 0x6554efe828a0 (170 bytes)
1727451027.504758 sending message 105 to peer 0x6554efe828a0 (38 bytes)
1727451027.504762 sending message 105 to peer 0x6554efe828a0 (23 bytes)
1727451027.504766 sending message 105 to peer 0x6554efe828a0 (31 bytes)
1727451027.504770 sending message 105 to peer 0x6554efe828a0 (23 bytes)
1727451027.504774 sending message 105 to peer 0x6554efe828a0 (27 bytes)
1727451027.504777 sending message 105 to peer 0x6554efe828a0 (25 bytes)
1727451027.504781 sending message 105 to peer 0x6554efe828a0 (54 bytes)
1727451027.504785 sending message 105 to peer 0x6554efe828a0 (52 bytes)
1727451027.504789 sending message 105 to peer 0x6554efe828a0 (20 bytes)
1727451027.504793 sending message 105 to peer 0x6554efe828a0 (16 bytes)
1727451027.504797 sending message 105 to peer 0x6554efe828a0 (24 bytes)
1727451027.504800 sending message 105 to peer 0x6554efe828a0 (20 bytes)
1727451027.504804 sending message 105 to peer 0x6554efe828a0 (118 bytes)
1727451027.504808 sending message 105 to peer 0x6554efe828a0 (10 bytes)
1727451027.504812 sending message 106 to peer 0x6554efe828a0 (0 bytes)
1727451027.504856 sending message 200 to peer 0x6554efe828a0 (4 bytes)
1727451027.504861 client loop enter
1727451027.505469 peer 0x6554efe828a0 message 303
1727451027.505479 open write file 2 -
1727451027.505487 sending message 305 to peer 0x6554efe828a0 (8 bytes)
1727451027.505500 write check file 2
1727451027.506050 peer 0x6554efe828a0 message 304
1727451027.506061 write 58 to file 2
1727451027.506077 peer 0x6554efe828a0 message 203
1727451027.506081 file 2 58 bytes left
1727451027.506105 write check file 2
1727451027.506109 client loop exit
